Logfile initialized
[INFO] logfile = /Users/Victoria/Documents/TitaniumWorkspace/WhatsInTheFridge/Project/build.log
[DEBUG] /Library/Application Support/Titanium/mobilesdk/osx/1.8.2/android/builder.py simulator Whats In The Fridge /Users/Victoria/Documents/Android/SDK/android-sdk-macosx /Users/Victoria/Documents/TitaniumWorkspace/WhatsInTheFridge/Project com.RoseHulman.WhatsInTheFridge 16 WVGA854 
[INFO] Building Whats In The Fridge for Android ... one moment
[INFO] Titanium SDK version: 1.8.2 (02/23/12 17:46 59b3a90)
[DEBUG] Waiting for device to be ready ...
[TRACE] adb devices returned 1 devices/emulators
[DEBUG] Device connected... (waited 0 seconds)
[DEBUG] waited 0.182501 seconds on emulator to get ready
[DEBUG] com.RoseHulman.WhatsInTheFridge installed? False
[WARN] Fastdev enabled, but server isn't running, deploying normally
[INFO] Copying project resources..
[INFO] Detected tiapp.xml change (or assets deleted), forcing full re-build...
[TRACE] COPYING CREATED FILE: /Users/Victoria/Documents/TitaniumWorkspace/WhatsInTheFridge/Project/Resources/android/appicon.png => /Users/Victoria/Documents/TitaniumWorkspace/WhatsInTheFridge/Project/build/android/bin/assets/Resources/appicon.png
[TRACE] COPYING CREATED FILE: /Users/Victoria/Documents/TitaniumWorkspace/WhatsInTheFridge/Project/Resources/android/default.png => /Users/Victoria/Documents/TitaniumWorkspace/WhatsInTheFridge/Project/build/android/bin/assets/Resources/default.png
[TRACE] COPYING CREATED FILE: /Users/Victoria/Documents/TitaniumWorkspace/WhatsInTheFridge/Project/Resources/app.js => /Users/Victoria/Documents/TitaniumWorkspace/WhatsInTheFridge/Project/build/android/bin/assets/Resources/app.js
[TRACE] COPYING CREATED FILE: /Users/Victoria/Documents/TitaniumWorkspace/WhatsInTheFridge/Project/Resources/db.js => /Users/Victoria/Documents/TitaniumWorkspace/WhatsInTheFridge/Project/build/android/bin/assets/Resources/db.js
[TRACE] COPYING CREATED FILE: /Users/Victoria/Documents/TitaniumWorkspace/WhatsInTheFridge/Project/Resources/fridge.sqlite => /Users/Victoria/Documents/TitaniumWorkspace/WhatsInTheFridge/Project/build/android/bin/assets/Resources/fridge.sqlite
[TRACE] COPYING CREATED FILE: /Users/Victoria/Documents/TitaniumWorkspace/WhatsInTheFridge/Project/Resources/images/KS_nav_ui.png => /Users/Victoria/Documents/TitaniumWorkspace/WhatsInTheFridge/Project/build/android/bin/assets/Resources/images/KS_nav_ui.png
[TRACE] COPYING CREATED FILE: /Users/Victoria/Documents/TitaniumWorkspace/WhatsInTheFridge/Project/Resources/images/KS_nav_views.png => /Users/Victoria/Documents/TitaniumWorkspace/WhatsInTheFridge/Project/build/android/bin/assets/Resources/images/KS_nav_views.png
[TRACE] COPYING CREATED FILE: /Users/Victoria/Documents/TitaniumWorkspace/WhatsInTheFridge/Project/Resources/KS_nav_ui.png => /Users/Victoria/Documents/TitaniumWorkspace/WhatsInTheFridge/Project/build/android/bin/assets/Resources/KS_nav_ui.png
[TRACE] COPYING CREATED FILE: /Users/Victoria/Documents/TitaniumWorkspace/WhatsInTheFridge/Project/Resources/KS_nav_views.png => /Users/Victoria/Documents/TitaniumWorkspace/WhatsInTheFridge/Project/build/android/bin/assets/Resources/KS_nav_views.png
[TRACE] COPYING CREATED FILE: /Users/Victoria/Documents/TitaniumWorkspace/WhatsInTheFridge/Project/Resources/qunit/qunit/jshamcrest-min.js => /Users/Victoria/Documents/TitaniumWorkspace/WhatsInTheFridge/Project/build/android/bin/assets/Resources/qunit/qunit/jshamcrest-min.js
[TRACE] COPYING CREATED FILE: /Users/Victoria/Documents/TitaniumWorkspace/WhatsInTheFridge/Project/Resources/qunit/qunit/jsmockito-1.0.4.js => /Users/Victoria/Documents/TitaniumWorkspace/WhatsInTheFridge/Project/build/android/bin/assets/Resources/qunit/qunit/jsmockito-1.0.4.js
[TRACE] COPYING CREATED FILE: /Users/Victoria/Documents/TitaniumWorkspace/WhatsInTheFridge/Project/Resources/qunit/qunit/qunit.css => /Users/Victoria/Documents/TitaniumWorkspace/WhatsInTheFridge/Project/build/android/bin/assets/Resources/qunit/qunit/qunit.css
[TRACE] COPYING CREATED FILE: /Users/Victoria/Documents/TitaniumWorkspace/WhatsInTheFridge/Project/Resources/qunit/qunit/qunit.js => /Users/Victoria/Documents/TitaniumWorkspace/WhatsInTheFridge/Project/build/android/bin/assets/Resources/qunit/qunit/qunit.js
[TRACE] COPYING CREATED FILE: /Users/Victoria/Documents/TitaniumWorkspace/WhatsInTheFridge/Project/Resources/qunit/test/add_unit_test.js => /Users/Victoria/Documents/TitaniumWorkspace/WhatsInTheFridge/Project/build/android/bin/assets/Resources/qunit/test/add_unit_test.js
[TRACE] COPYING CREATED FILE: /Users/Victoria/Documents/TitaniumWorkspace/WhatsInTheFridge/Project/Resources/qunit/test/db_unit_test.js => /Users/Victoria/Documents/TitaniumWorkspace/WhatsInTheFridge/Project/build/android/bin/assets/Resources/qunit/test/db_unit_test.js
[TRACE] COPYING CREATED FILE: /Users/Victoria/Documents/TitaniumWorkspace/WhatsInTheFridge/Project/Resources/qunit/test/same.js => /Users/Victoria/Documents/TitaniumWorkspace/WhatsInTheFridge/Project/build/android/bin/assets/Resources/qunit/test/same.js
[TRACE] COPYING CREATED FILE: /Users/Victoria/Documents/TitaniumWorkspace/WhatsInTheFridge/Project/Resources/qunit/test/test.js => /Users/Victoria/Documents/TitaniumWorkspace/WhatsInTheFridge/Project/build/android/bin/assets/Resources/qunit/test/test.js
[TRACE] COPYING CREATED FILE: /Users/Victoria/Documents/TitaniumWorkspace/WhatsInTheFridge/Project/Resources/qunit/test/tests_to_run.js => /Users/Victoria/Documents/TitaniumWorkspace/WhatsInTheFridge/Project/build/android/bin/assets/Resources/qunit/test/tests_to_run.js
[TRACE] COPYING CREATED FILE: /Users/Victoria/Documents/TitaniumWorkspace/WhatsInTheFridge/Project/Resources/qunit/titanium_adaptor.js => /Users/Victoria/Documents/TitaniumWorkspace/WhatsInTheFridge/Project/build/android/bin/assets/Resources/qunit/titanium_adaptor.js
[TRACE] COPYING CREATED FILE: /Users/Victoria/Documents/TitaniumWorkspace/WhatsInTheFridge/Project/Resources/runner.js => /Users/Victoria/Documents/TitaniumWorkspace/WhatsInTheFridge/Project/build/android/bin/assets/Resources/runner.js
[TRACE] COPYING CREATED FILE: /Users/Victoria/Documents/TitaniumWorkspace/WhatsInTheFridge/Project/Resources/ui/AppTabGroup.js => /Users/Victoria/Documents/TitaniumWorkspace/WhatsInTheFridge/Project/build/android/bin/assets/Resources/ui/AppTabGroup.js
[TRACE] COPYING CREATED FILE: /Users/Victoria/Documents/TitaniumWorkspace/WhatsInTheFridge/Project/Resources/ui/AppWindow.js => /Users/Victoria/Documents/TitaniumWorkspace/WhatsInTheFridge/Project/build/android/bin/assets/Resources/ui/AppWindow.js
[TRACE] Generating Java Classes
[DEBUG] Processing Android resource drawables
[DEBUG] app stylesheet => /Users/Victoria/Documents/TitaniumWorkspace/WhatsInTheFridge/Project/build/android/gen/com/RoseHulman/WhatsInTheFridge/ApplicationStylesheet.java
[DEBUG] copying app icon: /Users/Victoria/Documents/TitaniumWorkspace/WhatsInTheFridge/Project/build/android/bin/assets/Resources/appicon.png
[DEBUG] generating theme.xml
[DEBUG] found drawable-long-land-hdpi splash screen at /Users/Victoria/Documents/TitaniumWorkspace/WhatsInTheFridge/Project/Resources/android/images/res-long-land-hdpi/default.png
[DEBUG] copying /Users/Victoria/Documents/TitaniumWorkspace/WhatsInTheFridge/Project/Resources/android/images/res-long-land-hdpi/default.png splash screen to /Users/Victoria/Documents/TitaniumWorkspace/WhatsInTheFridge/Project/build/android/res/drawable-long-land-hdpi/background.png
[DEBUG] found drawable-long-land-ldpi splash screen at /Users/Victoria/Documents/TitaniumWorkspace/WhatsInTheFridge/Project/Resources/android/images/res-long-land-ldpi/default.png
[DEBUG] copying /Users/Victoria/Documents/TitaniumWorkspace/WhatsInTheFridge/Project/Resources/android/images/res-long-land-ldpi/default.png splash screen to /Users/Victoria/Documents/TitaniumWorkspace/WhatsInTheFridge/Project/build/android/res/drawable-long-land-ldpi/background.png
[DEBUG] found drawable-long-port-hdpi splash screen at /Users/Victoria/Documents/TitaniumWorkspace/WhatsInTheFridge/Project/Resources/android/images/res-long-port-hdpi/default.png
[DEBUG] copying /Users/Victoria/Documents/TitaniumWorkspace/WhatsInTheFridge/Project/Resources/android/images/res-long-port-hdpi/default.png splash screen to /Users/Victoria/Documents/TitaniumWorkspace/WhatsInTheFridge/Project/build/android/res/drawable-long-port-hdpi/background.png
[DEBUG] found drawable-long-port-ldpi splash screen at /Users/Victoria/Documents/TitaniumWorkspace/WhatsInTheFridge/Project/Resources/android/images/res-long-port-ldpi/default.png
[DEBUG] copying /Users/Victoria/Documents/TitaniumWorkspace/WhatsInTheFridge/Project/Resources/android/images/res-long-port-ldpi/default.png splash screen to /Users/Victoria/Documents/TitaniumWorkspace/WhatsInTheFridge/Project/build/android/res/drawable-long-port-ldpi/background.png
[DEBUG] found drawable-notlong-land-hdpi splash screen at /Users/Victoria/Documents/TitaniumWorkspace/WhatsInTheFridge/Project/Resources/android/images/res-notlong-land-hdpi/default.png
[DEBUG] copying /Users/Victoria/Documents/TitaniumWorkspace/WhatsInTheFridge/Project/Resources/android/images/res-notlong-land-hdpi/default.png splash screen to /Users/Victoria/Documents/TitaniumWorkspace/WhatsInTheFridge/Project/build/android/res/drawable-notlong-land-hdpi/background.png
[DEBUG] found drawable-notlong-land-ldpi splash screen at /Users/Victoria/Documents/TitaniumWorkspace/WhatsInTheFridge/Project/Resources/android/images/res-notlong-land-ldpi/default.png
[DEBUG] copying /Users/Victoria/Documents/TitaniumWorkspace/WhatsInTheFridge/Project/Resources/android/images/res-notlong-land-ldpi/default.png splash screen to /Users/Victoria/Documents/TitaniumWorkspace/WhatsInTheFridge/Project/build/android/res/drawable-notlong-land-ldpi/background.png
[DEBUG] found drawable-notlong-land-mdpi splash screen at /Users/Victoria/Documents/TitaniumWorkspace/WhatsInTheFridge/Project/Resources/android/images/res-notlong-land-mdpi/default.png
[DEBUG] copying /Users/Victoria/Documents/TitaniumWorkspace/WhatsInTheFridge/Project/Resources/android/images/res-notlong-land-mdpi/default.png splash screen to /Users/Victoria/Documents/TitaniumWorkspace/WhatsInTheFridge/Project/build/android/res/drawable-notlong-land-mdpi/background.png
[DEBUG] found drawable-notlong-port-hdpi splash screen at /Users/Victoria/Documents/TitaniumWorkspace/WhatsInTheFridge/Project/Resources/android/images/res-notlong-port-hdpi/default.png
[DEBUG] copying /Users/Victoria/Documents/TitaniumWorkspace/WhatsInTheFridge/Project/Resources/android/images/res-notlong-port-hdpi/default.png splash screen to /Users/Victoria/Documents/TitaniumWorkspace/WhatsInTheFridge/Project/build/android/res/drawable-notlong-port-hdpi/background.png
[DEBUG] found drawable-notlong-port-ldpi splash screen at /Users/Victoria/Documents/TitaniumWorkspace/WhatsInTheFridge/Project/Resources/android/images/res-notlong-port-ldpi/default.png
[DEBUG] copying /Users/Victoria/Documents/TitaniumWorkspace/WhatsInTheFridge/Project/Resources/android/images/res-notlong-port-ldpi/default.png splash screen to /Users/Victoria/Documents/TitaniumWorkspace/WhatsInTheFridge/Project/build/android/res/drawable-notlong-port-ldpi/background.png
[DEBUG] found drawable-notlong-port-mdpi splash screen at /Users/Victoria/Documents/TitaniumWorkspace/WhatsInTheFridge/Project/Resources/android/images/res-notlong-port-mdpi/default.png
[DEBUG] copying /Users/Victoria/Documents/TitaniumWorkspace/WhatsInTheFridge/Project/Resources/android/images/res-notlong-port-mdpi/default.png splash screen to /Users/Victoria/Documents/TitaniumWorkspace/WhatsInTheFridge/Project/build/android/res/drawable-notlong-port-mdpi/background.png
[DEBUG] found splash screen at /Users/Victoria/Documents/TitaniumWorkspace/WhatsInTheFridge/Project/build/android/bin/assets/Resources/default.png
[TRACE] Writing out AndroidManifest.xml
[DEBUG] adding /Users/Victoria/Documents/TitaniumWorkspace/WhatsInTheFridge/Project/build/android/gen/com/RoseHulman/WhatsInTheFridge/ApplicationStylesheet.java to javac build list
[DEBUG] adding /Users/Victoria/Documents/TitaniumWorkspace/WhatsInTheFridge/Project/build/android/gen/com/RoseHulman/WhatsInTheFridge/R.java to javac build list
[DEBUG] adding /Users/Victoria/Documents/TitaniumWorkspace/WhatsInTheFridge/Project/build/android/gen/com/RoseHulman/WhatsInTheFridge/WhatsInTheFridgeActivity.java to javac build list
[DEBUG] adding /Users/Victoria/Documents/TitaniumWorkspace/WhatsInTheFridge/Project/build/android/gen/com/RoseHulman/WhatsInTheFridge/WhatsInTheFridgeAppInfo.java to javac build list
[DEBUG] adding /Users/Victoria/Documents/TitaniumWorkspace/WhatsInTheFridge/Project/build/android/gen/com/RoseHulman/WhatsInTheFridge/WhatsInTheFridgeApplication.java to javac build list
[DEBUG] Building Java Sources: "/Users/Victoria/Documents/TitaniumWorkspace/WhatsInTheFridge/Project/build/android/gen/com/RoseHulman/WhatsInTheFridge/ApplicationStylesheet.java" "/Users/Victoria/Documents/TitaniumWorkspace/WhatsInTheFridge/Project/build/android/gen/com/RoseHulman/WhatsInTheFridge/R.java" "/Users/Victoria/Documents/TitaniumWorkspace/WhatsInTheFridge/Project/build/android/gen/com/RoseHulman/WhatsInTheFridge/WhatsInTheFridgeActivity.java" "/Users/Victoria/Documents/TitaniumWorkspace/WhatsInTheFridge/Project/build/android/gen/com/RoseHulman/WhatsInTheFridge/WhatsInTheFridgeAppInfo.java" "/Users/Victoria/Documents/TitaniumWorkspace/WhatsInTheFridge/Project/build/android/gen/com/RoseHulman/WhatsInTheFridge/WhatsInTheFridgeApplication.java"
[INFO] Waiting for SDCard to become available..
[INFO] Compiling Android Resources... This could take some time
[DEBUG] Android classes.dex built
[DEBUG] creating unsigned apk: /Users/Victoria/Documents/TitaniumWorkspace/WhatsInTheFridge/Project/build/android/bin/app-unsigned.apk
[DEBUG] from resource zip => assets/Resources/images/KS_nav_ui.png
[DEBUG] from resource zip => assets/Resources/images/KS_nav_views.png
[DEBUG] from resource zip => assets/Resources/qunit/qunit/jshamcrest-min.js
[DEBUG] from resource zip => assets/Resources/qunit/qunit/jsmockito-1.0.4.js
[DEBUG] from resource zip => assets/Resources/qunit/qunit/qunit.css
[DEBUG] from resource zip => assets/Resources/qunit/qunit/qunit.js
[DEBUG] from resource zip => assets/Resources/qunit/test/add_unit_test.js
[DEBUG] from resource zip => assets/Resources/qunit/test/db_unit_test.js
[DEBUG] from resource zip => assets/Resources/qunit/test/same.js
[DEBUG] from resource zip => assets/Resources/qunit/test/test.js
[DEBUG] from resource zip => assets/Resources/qunit/test/tests_to_run.js
[DEBUG] from resource zip => assets/Resources/qunit/titanium_adaptor.js
[DEBUG] from resource zip => assets/Resources/ui/AppTabGroup.js
[DEBUG] from resource zip => assets/Resources/ui/AppWindow.js
[DEBUG] from resource zip => assets/Resources/KS_nav_ui.png
[DEBUG] from resource zip => assets/Resources/KS_nav_views.png
[DEBUG] from resource zip => assets/Resources/app.js
[DEBUG] from resource zip => assets/Resources/appicon.png
[DEBUG] from resource zip => assets/Resources/db.js
[DEBUG] from resource zip => assets/Resources/default.png
[DEBUG] from resource zip => assets/Resources/fridge.sqlite
[DEBUG] from resource zip => assets/Resources/runner.js
[DEBUG] from resource zip => assets/app.json
[DEBUG] from resource zip => assets/index.json
[DEBUG] from resource zip => assets/tiapp.xml
[DEBUG] from resource zip => res/drawable/appicon.png
[DEBUG] from resource zip => res/drawable/background.png
[DEBUG] from resource zip => res/layout/titanium_tabgroup.xml
[DEBUG] from resource zip => AndroidManifest.xml
[DEBUG] from resource zip => resources.arsc
[DEBUG] from resource zip => res/drawable-long-land-hdpi/background.png
[DEBUG] from resource zip => res/drawable-long-land-ldpi/background.png
[DEBUG] from resource zip => res/drawable-long-port-hdpi/background.png
[DEBUG] from resource zip => res/drawable-long-port-ldpi/background.png
[DEBUG] from resource zip => res/drawable-notlong-land-hdpi/background.png
[DEBUG] from resource zip => res/drawable-notlong-land-ldpi/background.png
[DEBUG] from resource zip => res/drawable-notlong-land-mdpi/background.png
[DEBUG] from resource zip => res/drawable-notlong-port-hdpi/background.png
[DEBUG] from resource zip => res/drawable-notlong-port-ldpi/background.png
[DEBUG] from resource zip => res/drawable-notlong-port-mdpi/background.png
[DEBUG] from JAR /Library/Application Support/Titanium/mobilesdk/osx/1.8.2/android/modules/titanium-ui.jar => ti/modules/titanium/ui/widget/webview/binding.js
[DEBUG] from JAR /Library/Application Support/Titanium/mobilesdk/osx/1.8.2/android/modules/titanium-ui.jar => ti/modules/titanium/ui/widget/webview/binding.min.js
[DEBUG] from JAR /Library/Application Support/Titanium/mobilesdk/osx/1.8.2/android/modules/titanium-ui.jar => ti/modules/titanium/ui/widget/webview/json2.js
[DEBUG] from JAR /Library/Application Support/Titanium/mobilesdk/osx/1.8.2/android/titanium.jar => org/appcelerator/titanium/build.properties
[DEBUG] from JAR /Library/Application Support/Titanium/mobilesdk/osx/1.8.2/android/titanium.jar => org/appcelerator/titanium/res/drawable/background.png
[DEBUG] from JAR /Library/Application Support/Titanium/mobilesdk/osx/1.8.2/android/titanium.jar => org/appcelerator/titanium/res/drawable/btn_check_buttonless_on.png
[DEBUG] from JAR /Library/Application Support/Titanium/mobilesdk/osx/1.8.2/android/titanium.jar => org/appcelerator/titanium/res/drawable/btn_check_buttonless_on_18.png
[DEBUG] from JAR /Library/Application Support/Titanium/mobilesdk/osx/1.8.2/android/titanium.jar => org/appcelerator/titanium/res/drawable/btn_check_buttonless_on_48.png
[DEBUG] from JAR /Library/Application Support/Titanium/mobilesdk/osx/1.8.2/android/titanium.jar => org/appcelerator/titanium/res/drawable/btn_more.png
[DEBUG] from JAR /Library/Application Support/Titanium/mobilesdk/osx/1.8.2/android/titanium.jar => org/appcelerator/titanium/res/drawable/btn_more_18.png
[DEBUG] from JAR /Library/Application Support/Titanium/mobilesdk/osx/1.8.2/android/titanium.jar => org/appcelerator/titanium/res/drawable/btn_more_48.png
[DEBUG] from JAR /Library/Application Support/Titanium/mobilesdk/osx/1.8.2/android/titanium.jar => org/appcelerator/titanium/res/drawable/btn_picker_normal.9.png
[DEBUG] from JAR /Library/Application Support/Titanium/mobilesdk/osx/1.8.2/android/titanium.jar => org/appcelerator/titanium/res/drawable/btn_picker_pressed.9.png
[DEBUG] from JAR /Library/Application Support/Titanium/mobilesdk/osx/1.8.2/android/titanium.jar => org/appcelerator/titanium/res/drawable/btn_picker_selected.9.png
[DEBUG] from JAR /Library/Application Support/Titanium/mobilesdk/osx/1.8.2/android/titanium.jar => org/appcelerator/titanium/res/drawable/default_icon.png
[DEBUG] from JAR /Library/Application Support/Titanium/mobilesdk/osx/1.8.2/android/titanium.jar => org/appcelerator/titanium/res/drawable/photoDefault.png
[DEBUG] installing native SDK libs
[DEBUG] Waiting for device to be ready ...
[TRACE] adb devices returned 1 devices/emulators
[DEBUG] Device connected... (waited 0 seconds)
[DEBUG] waited 0.046083 seconds on emulator to get ready
[INFO] Installing application on emulator
[INFO] Launching application ... Whats In The Fridge
[TRACE] Launch output: Starting: Intent { act=android.intent.action.MAIN cat=[android.intent.category.LAUNCHER] cmp=com.RoseHulman.WhatsInTheFridge/.WhatsInTheFridgeActivity }

[INFO] Deployed Whats In The Fridge ... Application should be running.
[INFO] Android Emulator has exited
